This is pdfTeX, Version 3.1415926-2.5-1.40.14 (TeX Live 2013/Debian) (format=pdflatex 2015.6.5)  12 JUN 2015 13:18
entering extended mode
 restricted \write18 enabled.
 %&-line parsing enabled.
**main.tex
(./main.tex
LaTeX2e <2011/06/27>
Babel <3.9h> and hyphenation patterns for 9 languages loaded.
(./settings.tex (./G7-32.cls
Document Class: G7-32 2003/07/01 v1.0 Non Standard LaTeX document class
(./GostBase.clo (/usr/share/texlive/texmf-dist/tex/latex/extsizes/size14.clo
File: size14.clo 1999/11/11 v1.4a NON-Standard LaTeX file (size option)
))
(./G2-105.sty
Package: G2-105 2003/07/07 v1.00 General reqs. GOST 2.105-95
\c@totalpage=\count79
\c@totaltable=\count80
\c@totalfigure=\count81
\c@totalbib=\count82
\GostAfterTitleSkip=\skip41
\GostBetweenTitleSkip=\skip42
\GostBeforTitleSkip=\skip43
\GostBeforNoTitleSkip=\skip44
\GostHTitleSpace=\skip45
\GostTitleIndent=\skip46
\Gost@ChapterIndent=\skip47
\Gost@MainChapterIndent=\skip48
\Gost@TitleDropSkip=\skip49
\c@chapter=\count83
\c@section=\count84
\c@subsection=\count85
\c@subsubsection=\count86
\NirTitleDropSkip=\skip50
 (/usr/share/texlive/texmf-dist/tex/latex/t2/mathtext.sty
Package: mathtext 1999/01/28 v1.0 transparent text-and-math defs
LaTeX Info: Redefining \halign on input line 111.
)
(/usr/share/texlive/texmf-dist/tex/latex/base/fontenc.sty
Package: fontenc 2005/09/27 v1.99g Standard LaTeX package

(/usr/share/texlive/texmf-dist/tex/latex/cyrillic/t2aenc.def
File: t2aenc.def 2005/09/27 v1.0i Cyrillic encoding definition file
\symT2Aletters=\mathgroup4
)
LaTeX Font Info:    Try loading font information for T2A+cmr on input line 100.


(/usr/share/texlive/texmf-dist/tex/latex/cyrillic/t2acmr.fd
File: t2acmr.fd 2001/08/11 v1.0a Computer Modern Cyrillic font definitions
))
(/usr/share/texlive/texmf-dist/tex/latex/base/inputenc.sty
Package: inputenc 2008/03/30 v1.1d Input encoding file
\inpenc@prehook=\toks14
\inpenc@posthook=\toks15

(/usr/share/texlive/texmf-dist/tex/latex/base/utf8.def
File: utf8.def 2008/04/05 v1.1m UTF-8 support for inputenc
Now handling font encoding OML ...
... no UTF-8 mapping file for font encoding OML
Now handling font encoding T1 ...
... processing UTF-8 mapping file for font encoding T1

(/usr/share/texlive/texmf-dist/tex/latex/base/t1enc.dfu
File: t1enc.dfu 2008/04/05 v1.1m UTF-8 support for inputenc
   defining Unicode char U+00A1 (decimal 161)
   defining Unicode char U+00A3 (decimal 163)
   defining Unicode char U+00AB (decimal 171)
   defining Unicode char U+00BB (decimal 187)
   defining Unicode char U+00BF (decimal 191)
   defining Unicode char U+00C0 (decimal 192)
   defining Unicode char U+00C1 (decimal 193)
   defining Unicode char U+00C2 (decimal 194)
   defining Unicode char U+00C3 (decimal 195)
   defining Unicode char U+00C4 (decimal 196)
   defining Unicode char U+00C5 (decimal 197)
   defining Unicode char U+00C6 (decimal 198)
   defining Unicode char U+00C7 (decimal 199)
   defining Unicode char U+00C8 (decimal 200)
   defining Unicode char U+00C9 (decimal 201)
   defining Unicode char U+00CA (decimal 202)
   defining Unicode char U+00CB (decimal 203)
   defining Unicode char U+00CC (decimal 204)
   defining Unicode char U+00CD (decimal 205)
   defining Unicode char U+00CE (decimal 206)
   defining Unicode char U+00CF (decimal 207)
   defining Unicode char U+00D0 (decimal 208)
   defining Unicode char U+00D1 (decimal 209)
   defining Unicode char U+00D2 (decimal 210)
   defining Unicode char U+00D3 (decimal 211)
   defining Unicode char U+00D4 (decimal 212)
   defining Unicode char U+00D5 (decimal 213)
   defining Unicode char U+00D6 (decimal 214)
   defining Unicode char U+00D8 (decimal 216)
   defining Unicode char U+00D9 (decimal 217)
   defining Unicode char U+00DA (decimal 218)
   defining Unicode char U+00DB (decimal 219)
   defining Unicode char U+00DC (decimal 220)
   defining Unicode char U+00DD (decimal 221)
   defining Unicode char U+00DE (decimal 222)
   defining Unicode char U+00DF (decimal 223)
   defining Unicode char U+00E0 (decimal 224)
   defining Unicode char U+00E1 (decimal 225)
   defining Unicode char U+00E2 (decimal 226)
   defining Unicode char U+00E3 (decimal 227)
   defining Unicode char U+00E4 (decimal 228)
   defining Unicode char U+00E5 (decimal 229)
   defining Unicode char U+00E6 (decimal 230)
   defining Unicode char U+00E7 (decimal 231)
   defining Unicode char U+00E8 (decimal 232)
   defining Unicode char U+00E9 (decimal 233)
   defining Unicode char U+00EA (decimal 234)
   defining Unicode char U+00EB (decimal 235)
   defining Unicode char U+00EC (decimal 236)
   defining Unicode char U+00ED (decimal 237)
   defining Unicode char U+00EE (decimal 238)
   defining Unicode char U+00EF (decimal 239)
   defining Unicode char U+00F0 (decimal 240)
   defining Unicode char U+00F1 (decimal 241)
   defining Unicode char U+00F2 (decimal 242)
   defining Unicode char U+00F3 (decimal 243)
   defining Unicode char U+00F4 (decimal 244)
   defining Unicode char U+00F5 (decimal 245)
   defining Unicode char U+00F6 (decimal 246)
   defining Unicode char U+00F8 (decimal 248)
   defining Unicode char U+00F9 (decimal 249)
   defining Unicode char U+00FA (decimal 250)
   defining Unicode char U+00FB (decimal 251)
   defining Unicode char U+00FC (decimal 252)
   defining Unicode char U+00FD (decimal 253)
   defining Unicode char U+00FE (decimal 254)
   defining Unicode char U+00FF (decimal 255)
   defining Unicode char U+0102 (decimal 258)
   defining Unicode char U+0103 (decimal 259)
   defining Unicode char U+0104 (decimal 260)
   defining Unicode char U+0105 (decimal 261)
   defining Unicode char U+0106 (decimal 262)
   defining Unicode char U+0107 (decimal 263)
   defining Unicode char U+010C (decimal 268)
   defining Unicode char U+010D (decimal 269)
   defining Unicode char U+010E (decimal 270)
   defining Unicode char U+010F (decimal 271)
   defining Unicode char U+0110 (decimal 272)
   defining Unicode char U+0111 (decimal 273)
   defining Unicode char U+0118 (decimal 280)
   defining Unicode char U+0119 (decimal 281)
   defining Unicode char U+011A (decimal 282)
   defining Unicode char U+011B (decimal 283)
   defining Unicode char U+011E (decimal 286)
   defining Unicode char U+011F (decimal 287)
   defining Unicode char U+0130 (decimal 304)
   defining Unicode char U+0131 (decimal 305)
   defining Unicode char U+0132 (decimal 306)
   defining Unicode char U+0133 (decimal 307)
   defining Unicode char U+0139 (decimal 313)
   defining Unicode char U+013A (decimal 314)
   defining Unicode char U+013D (decimal 317)
   defining Unicode char U+013E (decimal 318)
   defining Unicode char U+0141 (decimal 321)
   defining Unicode char U+0142 (decimal 322)
   defining Unicode char U+0143 (decimal 323)
   defining Unicode char U+0144 (decimal 324)
   defining Unicode char U+0147 (decimal 327)
   defining Unicode char U+0148 (decimal 328)
   defining Unicode char U+014A (decimal 330)
   defining Unicode char U+014B (decimal 331)
   defining Unicode char U+0150 (decimal 336)
   defining Unicode char U+0151 (decimal 337)
   defining Unicode char U+0152 (decimal 338)
   defining Unicode char U+0153 (decimal 339)
   defining Unicode char U+0154 (decimal 340)
   defining Unicode char U+0155 (decimal 341)
   defining Unicode char U+0158 (decimal 344)
   defining Unicode char U+0159 (decimal 345)
   defining Unicode char U+015A (decimal 346)
   defining Unicode char U+015B (decimal 347)
   defining Unicode char U+015E (decimal 350)
   defining Unicode char U+015F (decimal 351)
   defining Unicode char U+0160 (decimal 352)
   defining Unicode char U+0161 (decimal 353)
   defining Unicode char U+0162 (decimal 354)
   defining Unicode char U+0163 (decimal 355)
   defining Unicode char U+0164 (decimal 356)
   defining Unicode char U+0165 (decimal 357)
   defining Unicode char U+016E (decimal 366)
   defining Unicode char U+016F (decimal 367)
   defining Unicode char U+0170 (decimal 368)
   defining Unicode char U+0171 (decimal 369)
   defining Unicode char U+0178 (decimal 376)
   defining Unicode char U+0179 (decimal 377)
   defining Unicode char U+017A (decimal 378)
   defining Unicode char U+017B (decimal 379)
   defining Unicode char U+017C (decimal 380)
   defining Unicode char U+017D (decimal 381)
   defining Unicode char U+017E (decimal 382)
   defining Unicode char U+200C (decimal 8204)
   defining Unicode char U+2013 (decimal 8211)
   defining Unicode char U+2014 (decimal 8212)
   defining Unicode char U+2018 (decimal 8216)
   defining Unicode char U+2019 (decimal 8217)
   defining Unicode char U+201A (decimal 8218)
   defining Unicode char U+201C (decimal 8220)
   defining Unicode char U+201D (decimal 8221)
   defining Unicode char U+201E (decimal 8222)
   defining Unicode char U+2030 (decimal 8240)
   defining Unicode char U+2031 (decimal 8241)
   defining Unicode char U+2039 (decimal 8249)
   defining Unicode char U+203A (decimal 8250)
   defining Unicode char U+2423 (decimal 9251)
)
Now handling font encoding OT1 ...
... processing UTF-8 mapping file for font encoding OT1

(/usr/share/texlive/texmf-dist/tex/latex/base/ot1enc.dfu
File: ot1enc.dfu 2008/04/05 v1.1m UTF-8 support for inputenc
   defining Unicode char U+00A1 (decimal 161)
   defining Unicode char U+00A3 (decimal 163)
   defining Unicode char U+00B8 (decimal 184)
   defining Unicode char U+00BF (decimal 191)
   defining Unicode char U+00C5 (decimal 197)
   defining Unicode char U+00C6 (decimal 198)
   defining Unicode char U+00D8 (decimal 216)
   defining Unicode char U+00DF (decimal 223)
   defining Unicode char U+00E6 (decimal 230)
   defining Unicode char U+00EC (decimal 236)
   defining Unicode char U+00ED (decimal 237)
   defining Unicode char U+00EE (decimal 238)
   defining Unicode char U+00EF (decimal 239)
   defining Unicode char U+00F8 (decimal 248)
   defining Unicode char U+0131 (decimal 305)
   defining Unicode char U+0141 (decimal 321)
   defining Unicode char U+0142 (decimal 322)
   defining Unicode char U+0152 (decimal 338)
   defining Unicode char U+0153 (decimal 339)
   defining Unicode char U+2013 (decimal 8211)
   defining Unicode char U+2014 (decimal 8212)
   defining Unicode char U+2018 (decimal 8216)
   defining Unicode char U+2019 (decimal 8217)
   defining Unicode char U+201C (decimal 8220)
   defining Unicode char U+201D (decimal 8221)
)
Now handling font encoding OMS ...
... processing UTF-8 mapping file for font encoding OMS

(/usr/share/texlive/texmf-dist/tex/latex/base/omsenc.dfu
File: omsenc.dfu 2008/04/05 v1.1m UTF-8 support for inputenc
   defining Unicode char U+00A7 (decimal 167)
   defining Unicode char U+00B6 (decimal 182)
   defining Unicode char U+00B7 (decimal 183)
   defining Unicode char U+2020 (decimal 8224)
   defining Unicode char U+2021 (decimal 8225)
   defining Unicode char U+2022 (decimal 8226)
)
Now handling font encoding OMX ...
... no UTF-8 mapping file for font encoding OMX
Now handling font encoding U ...
... no UTF-8 mapping file for font encoding U
Now handling font encoding T2A ...
... processing UTF-8 mapping file for font encoding T2A

(/usr/share/texlive/texmf-dist/tex/latex/base/t2aenc.dfu
File: t2aenc.dfu 2008/04/05 v1.1m UTF-8 support for inputenc
   defining Unicode char U+00A4 (decimal 164)
   defining Unicode char U+00A7 (decimal 167)
   defining Unicode char U+00AB (decimal 171)
   defining Unicode char U+00BB (decimal 187)
   defining Unicode char U+0131 (decimal 305)
   defining Unicode char U+0400 (decimal 1024)
   defining Unicode char U+0401 (decimal 1025)
   defining Unicode char U+0402 (decimal 1026)
   defining Unicode char U+0403 (decimal 1027)
   defining Unicode char U+0404 (decimal 1028)
   defining Unicode char U+0405 (decimal 1029)
   defining Unicode char U+0406 (decimal 1030)
   defining Unicode char U+0407 (decimal 1031)
   defining Unicode char U+0408 (decimal 1032)
   defining Unicode char U+0409 (decimal 1033)
   defining Unicode char U+040A (decimal 1034)
   defining Unicode char U+040B (decimal 1035)
   defining Unicode char U+040C (decimal 1036)
   defining Unicode char U+040D (decimal 1037)
   defining Unicode char U+040E (decimal 1038)
   defining Unicode char U+040F (decimal 1039)
   defining Unicode char U+0410 (decimal 1040)
   defining Unicode char U+0411 (decimal 1041)
   defining Unicode char U+0412 (decimal 1042)
   defining Unicode char U+0413 (decimal 1043)
   defining Unicode char U+0414 (decimal 1044)
   defining Unicode char U+0415 (decimal 1045)
   defining Unicode char U+0416 (decimal 1046)
   defining Unicode char U+0417 (decimal 1047)
   defining Unicode char U+0418 (decimal 1048)
   defining Unicode char U+0419 (decimal 1049)
   defining Unicode char U+041A (decimal 1050)
   defining Unicode char U+041B (decimal 1051)
   defining Unicode char U+041C (decimal 1052)
   defining Unicode char U+041D (decimal 1053)
   defining Unicode char U+041E (decimal 1054)
   defining Unicode char U+041F (decimal 1055)
   defining Unicode char U+0420 (decimal 1056)
   defining Unicode char U+0421 (decimal 1057)
   defining Unicode char U+0422 (decimal 1058)
   defining Unicode char U+0423 (decimal 1059)
   defining Unicode char U+0424 (decimal 1060)
   defining Unicode char U+0425 (decimal 1061)
   defining Unicode char U+0426 (decimal 1062)
   defining Unicode char U+0427 (decimal 1063)
   defining Unicode char U+0428 (decimal 1064)
   defining Unicode char U+0429 (decimal 1065)
   defining Unicode char U+042A (decimal 1066)
   defining Unicode char U+042B (decimal 1067)
   defining Unicode char U+042C (decimal 1068)
   defining Unicode char U+042D (decimal 1069)
   defining Unicode char U+042E (decimal 1070)
   defining Unicode char U+042F (decimal 1071)
   defining Unicode char U+0430 (decimal 1072)
   defining Unicode char U+0431 (decimal 1073)
   defining Unicode char U+0432 (decimal 1074)
   defining Unicode char U+0433 (decimal 1075)
   defining Unicode char U+0434 (decimal 1076)
   defining Unicode char U+0435 (decimal 1077)
   defining Unicode char U+0436 (decimal 1078)
   defining Unicode char U+0437 (decimal 1079)
   defining Unicode char U+0438 (decimal 1080)
   defining Unicode char U+0439 (decimal 1081)
   defining Unicode char U+043A (decimal 1082)
   defining Unicode char U+043B (decimal 1083)
   defining Unicode char U+043C (decimal 1084)
   defining Unicode char U+043D (decimal 1085)
   defining Unicode char U+043E (decimal 1086)
   defining Unicode char U+043F (decimal 1087)
   defining Unicode char U+0440 (decimal 1088)
   defining Unicode char U+0441 (decimal 1089)
   defining Unicode char U+0442 (decimal 1090)
   defining Unicode char U+0443 (decimal 1091)
   defining Unicode char U+0444 (decimal 1092)
   defining Unicode char U+0445 (decimal 1093)
   defining Unicode char U+0446 (decimal 1094)
   defining Unicode char U+0447 (decimal 1095)
   defining Unicode char U+0448 (decimal 1096)
   defining Unicode char U+0449 (decimal 1097)
   defining Unicode char U+044A (decimal 1098)
   defining Unicode char U+044B (decimal 1099)
   defining Unicode char U+044C (decimal 1100)
   defining Unicode char U+044D (decimal 1101)
   defining Unicode char U+044E (decimal 1102)
   defining Unicode char U+044F (decimal 1103)
   defining Unicode char U+0450 (decimal 1104)
   defining Unicode char U+0451 (decimal 1105)
   defining Unicode char U+0452 (decimal 1106)
   defining Unicode char U+0453 (decimal 1107)
   defining Unicode char U+0454 (decimal 1108)
   defining Unicode char U+0455 (decimal 1109)
   defining Unicode char U+0456 (decimal 1110)
   defining Unicode char U+0457 (decimal 1111)
   defining Unicode char U+0458 (decimal 1112)
   defining Unicode char U+0459 (decimal 1113)
   defining Unicode char U+045A (decimal 1114)
   defining Unicode char U+045B (decimal 1115)
   defining Unicode char U+045C (decimal 1116)
   defining Unicode char U+045D (decimal 1117)
   defining Unicode char U+045E (decimal 1118)
   defining Unicode char U+045F (decimal 1119)
   defining Unicode char U+0490 (decimal 1168)
   defining Unicode char U+0491 (decimal 1169)
   defining Unicode char U+0492 (decimal 1170)
   defining Unicode char U+0493 (decimal 1171)
   defining Unicode char U+0496 (decimal 1174)
   defining Unicode char U+0497 (decimal 1175)
   defining Unicode char U+0498 (decimal 1176)
   defining Unicode char U+0499 (decimal 1177)
   defining Unicode char U+049A (decimal 1178)
   defining Unicode char U+049B (decimal 1179)
   defining Unicode char U+049C (decimal 1180)
   defining Unicode char U+049D (decimal 1181)
   defining Unicode char U+04A0 (decimal 1184)
   defining Unicode char U+04A1 (decimal 1185)
   defining Unicode char U+04A2 (decimal 1186)
   defining Unicode char U+04A3 (decimal 1187)
   defining Unicode char U+04A4 (decimal 1188)
   defining Unicode char U+04A5 (decimal 1189)
   defining Unicode char U+04AA (decimal 1194)
   defining Unicode char U+04AB (decimal 1195)
   defining Unicode char U+04AE (decimal 1198)
   defining Unicode char U+04AF (decimal 1199)
   defining Unicode char U+04B0 (decimal 1200)
   defining Unicode char U+04B1 (decimal 1201)
   defining Unicode char U+04B2 (decimal 1202)
   defining Unicode char U+04B3 (decimal 1203)
   defining Unicode char U+04B6 (decimal 1206)
   defining Unicode char U+04B7 (decimal 1207)
   defining Unicode char U+04B8 (decimal 1208)
   defining Unicode char U+04B9 (decimal 1209)
   defining Unicode char U+04BA (decimal 1210)
   defining Unicode char U+04BB (decimal 1211)
   defining Unicode char U+04C0 (decimal 1216)
   defining Unicode char U+04C1 (decimal 1217)
   defining Unicode char U+04C2 (decimal 1218)
   defining Unicode char U+04D0 (decimal 1232)
   defining Unicode char U+04D1 (decimal 1233)
   defining Unicode char U+04D2 (decimal 1234)
   defining Unicode char U+04D3 (decimal 1235)
   defining Unicode char U+04D4 (decimal 1236)
   defining Unicode char U+04D5 (decimal 1237)
   defining Unicode char U+04D6 (decimal 1238)
   defining Unicode char U+04D7 (decimal 1239)
   defining Unicode char U+04D8 (decimal 1240)
   defining Unicode char U+04D9 (decimal 1241)
   defining Unicode char U+04DA (decimal 1242)
   defining Unicode char U+04DB (decimal 1243)
   defining Unicode char U+04DC (decimal 1244)
   defining Unicode char U+04DD (decimal 1245)
   defining Unicode char U+04DE (decimal 1246)
   defining Unicode char U+04DF (decimal 1247)
   defining Unicode char U+04E2 (decimal 1250)
   defining Unicode char U+04E3 (decimal 1251)
   defining Unicode char U+04E4 (decimal 1252)
   defining Unicode char U+04E5 (decimal 1253)
   defining Unicode char U+04E6 (decimal 1254)
   defining Unicode char U+04E7 (decimal 1255)
   defining Unicode char U+04E8 (decimal 1256)
   defining Unicode char U+04E9 (decimal 1257)
   defining Unicode char U+04EC (decimal 1260)
   defining Unicode char U+04ED (decimal 1261)
   defining Unicode char U+04EE (decimal 1262)
   defining Unicode char U+04EF (decimal 1263)
   defining Unicode char U+04F0 (decimal 1264)
   defining Unicode char U+04F1 (decimal 1265)
   defining Unicode char U+04F2 (decimal 1266)
   defining Unicode char U+04F3 (decimal 1267)
   defining Unicode char U+04F4 (decimal 1268)
   defining Unicode char U+04F5 (decimal 1269)
   defining Unicode char U+04F8 (decimal 1272)
   defining Unicode char U+04F9 (decimal 1273)
   defining Unicode char U+200C (decimal 8204)
   defining Unicode char U+2013 (decimal 8211)
   defining Unicode char U+2014 (decimal 8212)
   defining Unicode char U+2018 (decimal 8216)
   defining Unicode char U+2019 (decimal 8217)
   defining Unicode char U+201C (decimal 8220)
   defining Unicode char U+201D (decimal 8221)
   defining Unicode char U+201E (decimal 8222)
   defining Unicode char U+2030 (decimal 8240)
   defining Unicode char U+2031 (decimal 8241)
   defining Unicode char U+2116 (decimal 8470)
   defining Unicode char U+2329 (decimal 9001)
   defining Unicode char U+232A (decimal 9002)
   defining Unicode char U+2423 (decimal 9251)
)
   defining Unicode char U+00A9 (decimal 169)
   defining Unicode char U+00AA (decimal 170)
   defining Unicode char U+00AE (decimal 174)
   defining Unicode char U+00BA (decimal 186)
   defining Unicode char U+02C6 (decimal 710)
   defining Unicode char U+02DC (decimal 732)
   defining Unicode char U+200C (decimal 8204)
   defining Unicode char U+2026 (decimal 8230)
   defining Unicode char U+2122 (decimal 8482)
   defining Unicode char U+2423 (decimal 9251)
))
(/usr/share/texlive/texmf-dist/tex/generic/babel/babel.sty
Package: babel 2013/12/03 3.9h The Babel package

(/usr/share/texlive/texmf-dist/tex/generic/babel-english/english.ldf
Language: english 2012/08/20 v3.3p English support from the babel system

(/usr/share/texlive/texmf-dist/tex/generic/babel/babel.def
File: babel.def 2013/12/03 3.9h Babel common definitions
\babel@savecnt=\count87
\U@D=\dimen102
)
\l@british = a dialect from \language\l@english 
\l@UKenglish = a dialect from \language\l@english 
\l@canadian = a dialect from \language\l@american 
\l@australian = a dialect from \language\l@british 
\l@newzealand = a dialect from \language\l@british 
)
(/usr/share/texlive/texmf-dist/tex/generic/babel-russian/russianb.ldf
Language: russian 2013/04/13 1.3a Russian support from the babel system
Package babel Info: Making " an active character on input line 147.
))
(/usr/share/texlive/texmf-dist/tex/latex/base/flafter.sty
Package: flafter 2000/07/23 v1.2i Standard LaTeX floats after reference (FMi)
)
\GostItemGap=\skip51
\GostItemIndent=\skip52

(/usr/share/texlive/texmf-dist/tex/latex/amsfonts/amssymb.sty
Package: amssymb 2013/01/14 v3.01 AMS font symbols

(/usr/share/texlive/texmf-dist/tex/latex/amsfonts/amsfonts.sty
Package: amsfonts 2013/01/14 v3.01 Basic AMSFonts support
\@emptytoks=\toks16
\symAMSa=\mathgroup5
\symAMSb=\mathgroup6
LaTeX Font Info:    Overwriting math alphabet `\mathfrak' in version `bold'
(Font)                  U/euf/m/n --> U/euf/b/n on input line 106.
))
(/usr/share/texlive/texmf-dist/tex/latex/was/icomma.sty
Package: icomma 2002/03/10 v2.0 (WaS)
)
(/usr/share/texlive/texmf-dist/tex/latex/base/leqno.clo
File: leqno.clo 1998/08/17 v1.1c Standard LaTeX option (left equation numbers)
)
\Gost@EqRemLen=\skip53
\Gost@@EqRemLen=\skip54
\c@figure=\count88

(/usr/share/texlive/texmf-dist/tex/latex/tools/longtable.sty
Package: longtable 2004/02/01 v4.11 Multi-page Table package (DPC)
\LTleft=\skip55
\LTright=\skip56
\LTpre=\skip57
\LTpost=\skip58
\LTchunksize=\count89
\LTcapwidth=\dimen103
\LT@head=\box26
\LT@firsthead=\box27
\LT@foot=\box28
\LT@lastfoot=\box29
\LT@cols=\count90
\LT@rows=\count91
\c@LT@tables=\count92
\c@LT@chunks=\count93
\c@table=\count94
\LT@p@ftn=\toks17
)
(/usr/share/texlive/texmf-dist/tex/latex/footmisc/footmisc.sty
Package: footmisc 2011/06/06 v5.5b a miscellany of footnote facilities
\FN@temptoken=\toks18
\footnotemargin=\dimen104
\c@pp@next@reset=\count95
\c@@fnserial=\count96
Package footmisc Info: Declaring symbol style bringhurst on input line 855.
Package footmisc Info: Declaring symbol style chicago on input line 863.
Package footmisc Info: Declaring symbol style wiley on input line 872.
Package footmisc Info: Declaring symbol style lamport-robust on input line 883.

Package footmisc Info: Declaring symbol style lamport* on input line 903.
Package footmisc Info: Declaring symbol style lamport*-robust on input line 924
.
)
\bibindent=\dimen105
)
(/usr/share/texlive/texmf-dist/tex/latex/geometry/geometry.sty
Package: geometry 2010/09/12 v5.6 Page Geometry

(/usr/share/texlive/texmf-dist/tex/latex/graphics/keyval.sty
Package: keyval 1999/03/16 v1.13 key=value parser (DPC)
\KV@toks@=\toks19
)
(/usr/share/texlive/texmf-dist/tex/generic/oberdiek/ifpdf.sty
Package: ifpdf 2011/01/30 v2.3 Provides the ifpdf switch (HO)
Package ifpdf Info: pdfTeX in PDF mode is detected.
)
(/usr/share/texlive/texmf-dist/tex/generic/oberdiek/ifvtex.sty
Package: ifvtex 2010/03/01 v1.5 Detect VTeX and its facilities (HO)
Package ifvtex Info: VTeX not detected.
)
(/usr/share/texlive/texmf-dist/tex/generic/ifxetex/ifxetex.sty
Package: ifxetex 2010/09/12 v0.6 Provides ifxetex conditional
)
\Gm@cnth=\count97
\Gm@cntv=\count98
\c@Gm@tempcnt=\count99
\Gm@bindingoffset=\dimen106
\Gm@wd@mp=\dimen107
\Gm@odd@mp=\dimen108
\Gm@even@mp=\dimen109
\Gm@layoutwidth=\dimen110
\Gm@layoutheight=\dimen111
\Gm@layouthoffset=\dimen112
\Gm@layoutvoffset=\dimen113
\Gm@dimlist=\toks20
) (./G7-32.sty
Package: G7-32 2003/07/07 v1.00 Titles for GOST 7.32-2001
)) (/usr/share/texlive/texmf-dist/tex/latex/graphics/graphicx.sty
Package: graphicx 1999/02/16 v1.0f Enhanced LaTeX Graphics (DPC,SPQR)

(/usr/share/texlive/texmf-dist/tex/latex/graphics/graphics.sty
Package: graphics 2009/02/05 v1.0o Standard LaTeX Graphics (DPC,SPQR)

(/usr/share/texlive/texmf-dist/tex/latex/graphics/trig.sty
Package: trig 1999/03/16 v1.09 sin cos tan (DPC)
)
(/usr/share/texlive/texmf-dist/tex/latex/latexconfig/graphics.cfg
File: graphics.cfg 2010/04/23 v1.9 graphics configuration of TeX Live
)
Package graphics Info: Driver file: pdftex.def on input line 91.

(/usr/share/texlive/texmf-dist/tex/latex/pdftex-def/pdftex.def
File: pdftex.def 2011/05/27 v0.06d Graphics/color for pdfTeX

(/usr/share/texlive/texmf-dist/tex/generic/oberdiek/infwarerr.sty
Package: infwarerr 2010/04/08 v1.3 Providing info/warning/error messages (HO)
)
(/usr/share/texlive/texmf-dist/tex/generic/oberdiek/ltxcmds.sty
Package: ltxcmds 2011/11/09 v1.22 LaTeX kernel commands for general use (HO)
)
\Gread@gobject=\count100
))
\Gin@req@height=\dimen114
\Gin@req@width=\dimen115
)
(/usr/share/texlive/texmf-dist/tex/latex/textcase/textcase.sty
Package: textcase 2004/10/07 v0.07 Text only upper/lower case changing (DPC)
)
(/usr/share/texlive/texmf-dist/tex/latex/caption/caption.sty
Package: caption 2013/05/02 v3.3-89 Customizing captions (AR)

(/usr/share/texlive/texmf-dist/tex/latex/caption/caption3.sty
Package: caption3 2013/05/02 v1.6-88 caption3 kernel (AR)
Package caption3 Info: TeX engine: e-TeX on input line 57.
\captionmargin=\dimen116
\captionmargin@=\dimen117
\captionwidth=\dimen118
\caption@tempdima=\dimen119
\caption@indent=\dimen120
\caption@parindent=\dimen121
\caption@hangindent=\dimen122
\abovecaptionskip=\skip59
\belowcaptionskip=\skip60
Package caption Info: Unknown document class (or package),
(caption)             standard defaults will be used.
)

Package caption Warning: Unsupported document class (or package) detected,
(caption)                usage of the caption package is not recommended.
See the caption package documentation for explanation.

Package caption Info: \@makecaption = undefined.
\c@ContinuedFloat=\count101
Package caption Info: longtable package is loaded.
(/usr/share/texlive/texmf-dist/tex/latex/caption/ltcaption.sty
Package: ltcaption 2013/02/03 v1.3-62 longtable captions (AR)
))
(/usr/share/texlive/texmf-dist/tex/latex/setspace/setspace.sty
Package: setspace 2011/12/19 v6.7a set line spacing
)
(/usr/share/texlive/texmf-dist/tex/latex/base/fontenc.sty
Package: fontenc 2005/09/27 v1.99g Standard LaTeX package

(/usr/share/texlive/texmf-dist/tex/latex/cyrillic/t2aenc.def
File: t2aenc.def 2005/09/27 v1.0i Cyrillic encoding definition file
LaTeX Font Info:    Redeclaring font encoding T2A on input line 38.
LaTeX Font Info:    Redeclaring math symbol \T2Amath\textendash on input line 7
0.
LaTeX Font Info:    Redeclaring math symbol \T2Amath\cyrdash on input line 71.
LaTeX Font Info:    Redeclaring math symbol \T2Amath\textemdash on input line 7
2.
LaTeX Font Info:    Redeclaring math symbol \T2Amath\textcompwordmark on input 
line 73.
LaTeX Font Info:    Redeclaring math symbol \T2Amath\textvisiblespace on input 
line 74.
LaTeX Font Info:    Redeclaring math symbol \T2Amath\textdollar on input line 7
5.
LaTeX Font Info:    Redeclaring math symbol \T2Amath\textless on input line 76.

LaTeX Font Info:    Redeclaring math symbol \T2Amath\textgreater on input line 
77.
LaTeX Font Info:    Redeclaring math symbol \T2Amath\textbackslash on input lin
e 78.
LaTeX Font Info:    Redeclaring math symbol \T2Amath\textasciicircum on input l
ine 79.
LaTeX Font Info:    Redeclaring math symbol \T2Amath\textunderscore on input li
ne 80.
LaTeX Font Info:    Redeclaring math symbol \T2Amath\textbraceleft on input lin
e 81.
LaTeX Font Info:    Redeclaring math symbol \T2Amath\textbar on input line 82.
LaTeX Font Info:    Redeclaring math symbol \T2Amath\textbraceright on input li
ne 83.
LaTeX Font Info:    Redeclaring math symbol \T2Amath\textasciitilde on input li
ne 84.
LaTeX Font Info:    Redeclaring math symbol \T2Amath\textnumero on input line 8
5.
LaTeX Font Info:    Redeclaring math symbol \T2Amath\textcurrency on input line
 86.
LaTeX Font Info:    Redeclaring math symbol \T2Amath\textsection on input line 
87.
LaTeX Font Info:    Redeclaring math symbol \T2Amath\textquotedbl on input line
 88.
LaTeX Font Info:    Redeclaring math symbol \T2Amath\textquoteleft on input lin
e 89.
LaTeX Font Info:    Redeclaring math symbol \T2Amath\textquoteright on input li
ne 90.
LaTeX Font Info:    Redeclaring math symbol \T2Amath\textquotedblleft on input 
line 91.
LaTeX Font Info:    Redeclaring math symbol \T2Amath\textquotedblright on input
 line 92.
LaTeX Font Info:    Redeclaring math symbol \T2Amath\quotedblbase on input line
 93.
LaTeX Font Info:    Redeclaring math symbol \T2Amath\CYRpalochka on input line 
94.
LaTeX Font Info:    Redeclaring math symbol \T2Amath\cyrlangle on input line 95
.
LaTeX Font Info:    Redeclaring math symbol \T2Amath\cyrrangle on input line 96
.
LaTeX Font Info:    Redeclaring math symbol \T2Amath\guillemotleft on input lin
e 97.
LaTeX Font Info:    Redeclaring math symbol \T2Amath\guillemotright on input li
ne 98.
LaTeX Font Info:    Redeclaring math symbol \T2Amath\i on input line 99.
LaTeX Font Info:    Redeclaring math symbol \T2Amath\j on input line 100.
LaTeX Font Info:    Redeclaring math symbol \T2Amath\CYRA on input line 102.
LaTeX Font Info:    Redeclaring math symbol \T2Amath\cyra on input line 103.
LaTeX Font Info:    Redeclaring math symbol \T2Amath\CYRB on input line 104.
LaTeX Font Info:    Redeclaring math symbol \T2Amath\cyrb on input line 105.
LaTeX Font Info:    Redeclaring math symbol \T2Amath\CYRV on input line 106.
LaTeX Font Info:    Redeclaring math symbol \T2Amath\cyrv on input line 107.
LaTeX Font Info:    Redeclaring math symbol \T2Amath\CYRG on input line 108.
LaTeX Font Info:    Redeclaring math symbol \T2Amath\cyrg on input line 109.
LaTeX Font Info:    Redeclaring math symbol \T2Amath\CYRD on input line 110.
LaTeX Font Info:    Redeclaring math symbol \T2Amath\cyrd on input line 111.
LaTeX Font Info:    Redeclaring math symbol \T2Amath\CYRE on input line 112.
LaTeX Font Info:    Redeclaring math symbol \T2Amath\cyre on input line 113.
LaTeX Font Info:    Redeclaring math symbol \T2Amath\CYRZH on input line 114.
LaTeX Font Info:    Redeclaring math symbol \T2Amath\cyrzh on input line 115.
LaTeX Font Info:    Redeclaring math symbol \T2Amath\CYRZ on input line 116.
LaTeX Font Info:    Redeclaring math symbol \T2Amath\cyrz on input line 117.
LaTeX Font Info:    Redeclaring math symbol \T2Amath\CYRI on input line 118.
LaTeX Font Info:    Redeclaring math symbol \T2Amath\cyri on input line 119.
LaTeX Font Info:    Redeclaring math symbol \T2Amath\CYRISHRT on input line 120
.
LaTeX Font Info:    Redeclaring math symbol \T2Amath\cyrishrt on input line 121
.
LaTeX Font Info:    Redeclaring math symbol \T2Amath\CYRK on input line 122.
LaTeX Font Info:    Redeclaring math symbol \T2Amath\cyrk on input line 123.
LaTeX Font Info:    Redeclaring math symbol \T2Amath\CYRL on input line 124.
LaTeX Font Info:    Redeclaring math symbol \T2Amath\cyrl on input line 125.
LaTeX Font Info:    Redeclaring math symbol \T2Amath\CYRM on input line 126.
LaTeX Font Info:    Redeclaring math symbol \T2Amath\cyrm on input line 127.
LaTeX Font Info:    Redeclaring math symbol \T2Amath\CYRN on input line 128.
LaTeX Font Info:    Redeclaring math symbol \T2Amath\cyrn on input line 129.
LaTeX Font Info:    Redeclaring math symbol \T2Amath\CYRO on input line 130.
LaTeX Font Info:    Redeclaring math symbol \T2Amath\cyro on input line 131.
LaTeX Font Info:    Redeclaring math symbol \T2Amath\CYRP on input line 132.
LaTeX Font Info:    Redeclaring math symbol \T2Amath\cyrp on input line 133.
LaTeX Font Info:    Redeclaring math symbol \T2Amath\CYRR on input line 134.
LaTeX Font Info:    Redeclaring math symbol \T2Amath\cyrr on input line 135.
LaTeX Font Info:    Redeclaring math symbol \T2Amath\CYRS on input line 136.
LaTeX Font Info:    Redeclaring math symbol \T2Amath\cyrs on input line 137.
LaTeX Font Info:    Redeclaring math symbol \T2Amath\CYRT on input line 138.
LaTeX Font Info:    Redeclaring math symbol \T2Amath\cyrt on input line 139.
LaTeX Font Info:    Redeclaring math symbol \T2Amath\CYRU on input line 140.
LaTeX Font Info:    Redeclaring math symbol \T2Amath\cyru on input line 141.
LaTeX Font Info:    Redeclaring math symbol \T2Amath\CYRF on input line 142.
LaTeX Font Info:    Redeclaring math symbol \T2Amath\cyrf on input line 143.
LaTeX Font Info:    Redeclaring math symbol \T2Amath\CYRH on input line 144.
LaTeX Font Info:    Redeclaring math symbol \T2Amath\cyrh on input line 145.
LaTeX Font Info:    Redeclaring math symbol \T2Amath\CYRC on input line 146.
LaTeX Font Info:    Redeclaring math symbol \T2Amath\cyrc on input line 147.
LaTeX Font Info:    Redeclaring math symbol \T2Amath\CYRCH on input line 148.
LaTeX Font Info:    Redeclaring math symbol \T2Amath\cyrch on input line 149.
LaTeX Font Info:    Redeclaring math symbol \T2Amath\CYRSH on input line 150.
LaTeX Font Info:    Redeclaring math symbol \T2Amath\cyrsh on input line 151.
LaTeX Font Info:    Redeclaring math symbol \T2Amath\CYRSHCH on input line 152.

LaTeX Font Info:    Redeclaring math symbol \T2Amath\cyrshch on input line 153.

LaTeX Font Info:    Redeclaring math symbol \T2Amath\CYRHRDSN on input line 154
.
LaTeX Font Info:    Redeclaring math symbol \T2Amath\cyrhrdsn on input line 155
.
LaTeX Font Info:    Redeclaring math symbol \T2Amath\CYRERY on input line 156.
LaTeX Font Info:    Redeclaring math symbol \T2Amath\cyrery on input line 157.
LaTeX Font Info:    Redeclaring math symbol \T2Amath\CYRSFTSN on input line 158
.
LaTeX Font Info:    Redeclaring math symbol \T2Amath\cyrsftsn on input line 159
.
LaTeX Font Info:    Redeclaring math symbol \T2Amath\CYREREV on input line 160.

LaTeX Font Info:    Redeclaring math symbol \T2Amath\cyrerev on input line 161.

LaTeX Font Info:    Redeclaring math symbol \T2Amath\CYRYU on input line 162.
LaTeX Font Info:    Redeclaring math symbol \T2Amath\cyryu on input line 163.
LaTeX Font Info:    Redeclaring math symbol \T2Amath\CYRYA on input line 164.
LaTeX Font Info:    Redeclaring math symbol \T2Amath\cyrya on input line 165.
LaTeX Font Info:    Redeclaring math symbol \T2Amath\CYRGUP on input line 166.
LaTeX Font Info:    Redeclaring math symbol \T2Amath\cyrgup on input line 167.
LaTeX Font Info:    Redeclaring math symbol \T2Amath\CYRGHCRS on input line 168
.
LaTeX Font Info:    Redeclaring math symbol \T2Amath\cyrghcrs on input line 169
.
LaTeX Font Info:    Redeclaring math symbol \T2Amath\CYRDJE on input line 170.
LaTeX Font Info:    Redeclaring math symbol \T2Amath\cyrdje on input line 171.
LaTeX Font Info:    Redeclaring math symbol \T2Amath\CYRTSHE on input line 172.

LaTeX Font Info:    Redeclaring math symbol \T2Amath\cyrtshe on input line 173.

LaTeX Font Info:    Redeclaring math symbol \T2Amath\CYRSHHA on input line 174.

LaTeX Font Info:    Redeclaring math symbol \T2Amath\cyrshha on input line 175.

LaTeX Font Info:    Redeclaring math symbol \T2Amath\CYRZHDSC on input line 176
.
LaTeX Font Info:    Redeclaring math symbol \T2Amath\cyrzhdsc on input line 177
.
LaTeX Font Info:    Redeclaring math symbol \T2Amath\CYRZDSC on input line 178.

LaTeX Font Info:    Redeclaring math symbol \T2Amath\cyrzdsc on input line 179.

LaTeX Font Info:    Redeclaring math symbol \T2Amath\CYRLJE on input line 180.
LaTeX Font Info:    Redeclaring math symbol \T2Amath\cyrlje on input line 181.
LaTeX Font Info:    Redeclaring math symbol \T2Amath\CYRYI on input line 182.
LaTeX Font Info:    Redeclaring math symbol \T2Amath\cyryi on input line 183.
LaTeX Font Info:    Redeclaring math symbol \T2Amath\CYRKDSC on input line 184.

LaTeX Font Info:    Redeclaring math symbol \T2Amath\cyrkdsc on input line 185.

LaTeX Font Info:    Redeclaring math symbol \T2Amath\CYRKBEAK on input line 186
.
LaTeX Font Info:    Redeclaring math symbol \T2Amath\cyrkbeak on input line 187
.
LaTeX Font Info:    Redeclaring math symbol \T2Amath\CYRKVCRS on input line 188
.
LaTeX Font Info:    Redeclaring math symbol \T2Amath\cyrkvcrs on input line 189
.
LaTeX Font Info:    Redeclaring math symbol \T2Amath\CYRAE on input line 190.
LaTeX Font Info:    Redeclaring math symbol \T2Amath\cyrae on input line 191.
LaTeX Font Info:    Redeclaring math symbol \T2Amath\CYRNDSC on input line 192.

LaTeX Font Info:    Redeclaring math symbol \T2Amath\cyrndsc on input line 193.

LaTeX Font Info:    Redeclaring math symbol \T2Amath\CYRNG on input line 194.
LaTeX Font Info:    Redeclaring math symbol \T2Amath\cyrng on input line 195.
LaTeX Font Info:    Redeclaring math symbol \T2Amath\CYRDZE on input line 196.
LaTeX Font Info:    Redeclaring math symbol \T2Amath\cyrdze on input line 197.
LaTeX Font Info:    Redeclaring math symbol \T2Amath\CYROTLD on input line 198.

LaTeX Font Info:    Redeclaring math symbol \T2Amath\cyrotld on input line 199.

LaTeX Font Info:    Redeclaring math symbol \T2Amath\CYRSDSC on input line 200.

LaTeX Font Info:    Redeclaring math symbol \T2Amath\cyrsdsc on input line 201.

LaTeX Font Info:    Redeclaring math symbol \T2Amath\CYRUSHRT on input line 202
.
LaTeX Font Info:    Redeclaring math symbol \T2Amath\cyrushrt on input line 203
.
LaTeX Font Info:    Redeclaring math symbol \T2Amath\CYRY on input line 204.
LaTeX Font Info:    Redeclaring math symbol \T2Amath\cyry on input line 205.
LaTeX Font Info:    Redeclaring math symbol \T2Amath\CYRYHCRS on input line 206
.
LaTeX Font Info:    Redeclaring math symbol \T2Amath\cyryhcrs on input line 207
.
LaTeX Font Info:    Redeclaring math symbol \T2Amath\CYRHDSC on input line 208.

LaTeX Font Info:    Redeclaring math symbol \T2Amath\cyrhdsc on input line 209.

LaTeX Font Info:    Redeclaring math symbol \T2Amath\CYRDZHE on input line 210.

LaTeX Font Info:    Redeclaring math symbol \T2Amath\cyrdzhe on input line 211.

LaTeX Font Info:    Redeclaring math symbol \T2Amath\CYRCHVCRS on input line 21
2.
LaTeX Font Info:    Redeclaring math symbol \T2Amath\cyrchvcrs on input line 21
3.
LaTeX Font Info:    Redeclaring math symbol \T2Amath\CYRCHRDSC on input line 21
4.
LaTeX Font Info:    Redeclaring math symbol \T2Amath\cyrchrdsc on input line 21
5.
LaTeX Font Info:    Redeclaring math symbol \T2Amath\CYRIE on input line 216.
LaTeX Font Info:    Redeclaring math symbol \T2Amath\cyrie on input line 217.
LaTeX Font Info:    Redeclaring math symbol \T2Amath\CYRSCHWA on input line 218
.
LaTeX Font Info:    Redeclaring math symbol \T2Amath\cyrschwa on input line 219
.
LaTeX Font Info:    Redeclaring math symbol \T2Amath\CYRNJE on input line 220.
LaTeX Font Info:    Redeclaring math symbol \T2Amath\cyrnje on input line 221.
LaTeX Font Info:    Redeclaring math symbol \T2Amath\CYRYO on input line 222.
LaTeX Font Info:    Redeclaring math symbol \T2Amath\cyryo on input line 223.
LaTeX Font Info:    Redeclaring math symbol \T2Amath\CYRII on input line 224.
LaTeX Font Info:    Redeclaring math symbol \T2Amath\cyrii on input line 225.
LaTeX Font Info:    Redeclaring math symbol \T2Amath\CYRJE on input line 226.
LaTeX Font Info:    Redeclaring math symbol \T2Amath\cyrje on input line 227.
LaTeX Font Info:    Redeclaring math symbol \T2Amath\CYRQ on input line 228.
LaTeX Font Info:    Redeclaring math symbol \T2Amath\cyrq on input line 229.
LaTeX Font Info:    Redeclaring math symbol \T2Amath\CYRW on input line 230.
LaTeX Font Info:    Redeclaring math symbol \T2Amath\cyrw on input line 231.
))
(/usr/share/texmf/tex/latex/scalable-cyrfonts-tex/cyrtimes.sty
Package: cyrtimes 2001/02/08 scalable-cyrfonts
)
(/usr/share/texlive/texmf-dist/tex/latex/tools/indentfirst.sty
Package: indentfirst 1995/11/23 v1.03 Indent first paragraph (DPC)
)) (./main.aux)
\openout1 = `main.aux'.

LaTeX Font Info:    Checking defaults for OML/cmm/m/it on input line 3.
LaTeX Font Info:    ... okay on input line 3.
LaTeX Font Info:    Checking defaults for T1/cmr/m/n on input line 3.
LaTeX Font Info:    ... okay on input line 3.
LaTeX Font Info:    Checking defaults for OT1/cmr/m/n on input line 3.
LaTeX Font Info:    ... okay on input line 3.
LaTeX Font Info:    Checking defaults for OMS/cmsy/m/n on input line 3.
LaTeX Font Info:    ... okay on input line 3.
LaTeX Font Info:    Checking defaults for OMX/cmex/m/n on input line 3.
LaTeX Font Info:    ... okay on input line 3.
LaTeX Font Info:    Checking defaults for U/cmr/m/n on input line 3.
LaTeX Font Info:    ... okay on input line 3.
LaTeX Font Info:    Checking defaults for T2A/cmr/m/n on input line 3.
LaTeX Font Info:    ... okay on input line 3.
LaTeX Font Info:    Try loading font information for T2A+ftm on input line 3.

(/usr/share/texmf/tex/latex/scalable-cyrfonts-tex/t2aftm.fd
File: t2aftm.fd 2014/01/03 Fontinst v1.933 font definitions for T2A/ftm.
)
*geometry* driver: auto-detecting
*geometry* detected driver: pdftex
*geometry* verbose mode - [ preamble ] result:
* driver: pdftex
* paper: <default>
* layout: <same size as paper>
* layoutoffset:(h,v)=(0.0pt,0.0pt)
* modes: 
* h-part:(L,W,R)=(71.13188pt, 469.47049pt, 56.9055pt)
* v-part:(T,H,B)=(28.45274pt, 731.23584pt, 85.35826pt)
* \paperwidth=597.50787pt
* \paperheight=845.04684pt
* \textwidth=469.47049pt
* \textheight=731.23584pt
* \oddsidemargin=-1.1381pt
* \evensidemargin=-1.1381pt
* \topmargin=-57.81725pt
* \headheight=14.0pt
* \headsep=0.0pt
* \topskip=14.0pt
* \footskip=30.0pt
* \marginparwidth=15.0pt
* \marginparsep=10.0pt
* \columnsep=10.0pt
* \skip\footins=12.0pt plus 4.0pt minus 2.0pt
* \hoffset=0.0pt
* \voffset=0.0pt
* \mag=1000
* \@twocolumnfalse
* \@twosidefalse
* \@mparswitchfalse
* \@reversemarginfalse
* (1in=72.27pt=25.4mm, 1cm=28.453pt)

(/usr/share/texlive/texmf-dist/tex/context/base/supp-pdf.mkii
[Loading MPS to PDF converter (version 2006.09.02).]
\scratchcounter=\count102
\scratchdimen=\dimen123
\scratchbox=\box30
\nofMPsegments=\count103
\nofMParguments=\count104
\everyMPshowfont=\toks21
\MPscratchCnt=\count105
\MPscratchDim=\dimen124
\MPnumerator=\count106
\makeMPintoPDFobject=\count107
\everyMPtoPDFconversion=\toks22
) (/usr/share/texlive/texmf-dist/tex/generic/oberdiek/pdftexcmds.sty
Package: pdftexcmds 2011/11/29 v0.20 Utility functions of pdfTeX for LuaTeX (HO
)

(/usr/share/texlive/texmf-dist/tex/generic/oberdiek/ifluatex.sty
Package: ifluatex 2010/03/01 v1.3 Provides the ifluatex switch (HO)
Package ifluatex Info: LuaTeX not detected.
)
Package pdftexcmds Info: LuaTeX not detected.
Package pdftexcmds Info: \pdf@primitive is available.
Package pdftexcmds Info: \pdf@ifprimitive is available.
Package pdftexcmds Info: \pdfdraftmode found.
)
(/usr/share/texlive/texmf-dist/tex/latex/oberdiek/epstopdf-base.sty
Package: epstopdf-base 2010/02/09 v2.5 Base part for package epstopdf

(/usr/share/texlive/texmf-dist/tex/latex/oberdiek/grfext.sty
Package: grfext 2010/08/19 v1.1 Manage graphics extensions (HO)

(/usr/share/texlive/texmf-dist/tex/generic/oberdiek/kvdefinekeys.sty
Package: kvdefinekeys 2011/04/07 v1.3 Define keys (HO)
))
(/usr/share/texlive/texmf-dist/tex/latex/oberdiek/kvoptions.sty
Package: kvoptions 2011/06/30 v3.11 Key value format for package options (HO)

(/usr/share/texlive/texmf-dist/tex/generic/oberdiek/kvsetkeys.sty
Package: kvsetkeys 2012/04/25 v1.16 Key value parser (HO)

(/usr/share/texlive/texmf-dist/tex/generic/oberdiek/etexcmds.sty
Package: etexcmds 2011/02/16 v1.5 Avoid name clashes with e-TeX commands (HO)
Package etexcmds Info: Could not find \expanded.
(etexcmds)             That can mean that you are not using pdfTeX 1.50 or
(etexcmds)             that some package has redefined \expanded.
(etexcmds)             In the latter case, load this package earlier.
)))
Package grfext Info: Graphics extension search list:
(grfext)             [.png,.pdf,.jpg,.mps,.jpeg,.jbig2,.jb2,.PNG,.PDF,.JPG,.JPE
G,.JBIG2,.JB2,.eps]
(grfext)             \AppendGraphicsExtensions on input line 452.

(/usr/share/texlive/texmf-dist/tex/latex/latexconfig/epstopdf-sys.cfg
File: epstopdf-sys.cfg 2010/07/13 v1.3 Configuration of (r)epstopdf for TeX Liv
e
))
Package caption Info: Begin \AtBeginDocument code.
Package caption Info: End \AtBeginDocument code.

(./intro.tex [1

{/var/lib/texmf/fonts/map/pdftex/updmap/pdftex.map}] [2])
(./chapter1.tex <pics/mvc.png, id=10, 481.3033pt x 248.84721pt>
File: pics/mvc.png Graphic file (type png)

<use pics/mvc.png>
Package pdftex.def Info: pics/mvc.png used on input line 10.
(pdftex.def)             Requested size: 422.52057pt x 218.46222pt.
 [3

 <./pics/mvc.png>] [4]
<pics/type_sites.png, id=17, 446.66875pt x 621.32124pt>
File: pics/type_sites.png Graphic file (type png)

<use pics/type_sites.png>
Package pdftex.def Info: pics/type_sites.png used on input line 31.
(pdftex.def)             Requested size: 234.73524pt x 326.52087pt.
 [5 <./pics/type_sites.png>]
LaTeX Font Info:    Font shape `T2A/ftm/bx/n' in size <14.4> not available
(Font)              Font shape `T2A/ftm/b/n' tried instead on input line 55.


LaTeX Warning: Citation `php' on page 6 undefined on input line 55.

[6]

LaTeX Warning: Citation `VBS' on page 7 undefined on input line 61.


Underfull \hbox (badness 2229) in paragraph at lines 57--62
[]\T2A/ftm/m/it/14.4 VBScript \T2A/ftm/m/n/14.4 -- язык со^^?зда^^?ния сце^^?на
^^?ри^^?ев VBScript раз^^?ра^^?бо^^?тан фир^^?мой
 []


LaTeX Warning: Citation `perl' on page 7 undefined on input line 63.

[7]

LaTeX Warning: Citation `php' on page 8 undefined on input line 79.


LaTeX Warning: Citation `php' on page 8 undefined on input line 81.

[8]

LaTeX Warning: Citation `php' on page 9 undefined on input line 83.


LaTeX Warning: Citation `php' on page 9 undefined on input line 93.

[9]

LaTeX Warning: Citation `php' on page 10 undefined on input line 103.


Underfull \hbox (badness 1112) in paragraph at lines 103--104
[]\T2A/ftm/m/it/14.4 jQuery\T2A/ftm/m/n/14.4 -- биб^^?лио^^?те^^?ка JavaScript,
 фо^^?ку^^?си^^?ру^^?ю^^?ща^^?я^^?ся на вза^^?и^^?мо^^?дей^^?ствии
 []

[10]) (./chapter.tex <pics/mpa.png, id=39, 255.55267pt x 343.46877pt>
File: pics/mpa.png Graphic file (type png)

<use pics/mpa.png>
Package pdftex.def Info: pics/mpa.png used on input line 8.
(pdftex.def)             Requested size: 187.78532pt x 252.39148pt.
 <pics/spa.png, id=40, 263.00319pt x 333.7831pt>
File: pics/spa.png Graphic file (type png)

<use pics/spa.png>
Package pdftex.def Info: pics/spa.png used on input line 13.
(pdftex.def)             Requested size: 187.78532pt x 238.32204pt.


LaTeX Warning: `h' float specifier changed to `ht'.

[11

 <./pics/mpa.png>] [12 <./pics/spa.png>] [13]
File: pics/mvc.png Graphic file (type png)
 <use pics/mvc.png>
Package pdftex.def Info: pics/mvc.png used on input line 49.
(pdftex.def)             Requested size: 328.6279pt x 169.91632pt.
 [14]
[15] <pics/model.png, id=57, 426.16948pt x 268.96361pt>
File: pics/model.png Graphic file (type png)
 <use pics/model.png>
Package pdftex.def Info: pics/model.png used on input line 95.
(pdftex.def)             Requested size: 352.10286pt x 222.22192pt.


LaTeX Warning: `h' float specifier changed to `ht'.

<pics/collection.png, id=58, 502.90979pt x 263.00319pt>
File: pics/collection.png Graphic file (type png)

<use pics/collection.png>
Package pdftex.def Info: pics/collection.png used on input line 100.
(pdftex.def)             Requested size: 352.10286pt x 184.13708pt.


LaTeX Warning: `h' float specifier changed to `ht'.

<pics/view.png, id=59, 532.71185pt x 264.4933pt>
File: pics/view.png Graphic file (type png)
 <use pics/view.png>
Package pdftex.def Info: pics/view.png used on input line 106.
(pdftex.def)             Requested size: 352.10286pt x 174.8244pt.


LaTeX Warning: `h' float specifier changed to `ht'.

<pics/router.png, id=60, 456.7166pt x 314.41176pt>
File: pics/router.png Graphic file (type png)
 <use pics/router.png>
Package pdftex.def Info: pics/router.png used on input line 111.
(pdftex.def)             Requested size: 352.10286pt x 242.40483pt.


LaTeX Warning: `h' float specifier changed to `ht'.

[16] [17 <./pics/model.png> <./pics/collection.png>] [18 <./pics/view.png> <./p
ics/router.png>])

Package caption Warning: Unused \captionsetup[table] on input line 6.
See the caption package documentation for explanation.

[19] (./main.aux
LaTeX Font Info:    Try loading font information for OT1+ftm on input line 3.
 (/usr/share/texmf/tex/latex/scalable-cyrfonts-tex/ot1ftm.fd
File: ot1ftm.fd 2014/01/03 Fontinst v1.933 font definitions for OT1/ftm.
))

LaTeX Warning: There were undefined references.

 ) 
Here is how much of TeX's memory you used:
 5282 strings out of 494515
 74729 string characters out of 6173719
 136808 words of memory out of 5000000
 8367 multiletter control sequences out of 15000+600000
 10876 words of font info for 25 fonts, out of 8000000 for 9000
 430 hyphenation exceptions out of 8191
 41i,5n,38p,1891b,289s stack positions out of 5000i,500n,10000p,200000b,80000s
{/usr/share/texmf/fonts/enc/dvips/scalable-cyrfonts-tex/6r.enc}</usr/share/te
xmf/fonts/type1/public/scalable-cyrfonts-tex/ftmb6w.pfb></usr/share/texmf/fonts
/type1/public/scalable-cyrfonts-tex/ftmr6w.pfb></usr/share/texmf/fonts/type1/pu
blic/scalable-cyrfonts-tex/ftmri6w.pfb>
Output written on main.pdf (19 pages, 454489 bytes).
PDF statistics:
 87 PDF objects out of 1000 (max. 8388607)
 54 compressed objects within 1 object stream
 0 named destinations out of 1000 (max. 500000)
 41 words of extra memory for PDF output out of 10000 (max. 10000000)

